mode: set
github.com/rhajizada/cradle/internal/logging/handler.go:26.59,32.2 1 1
github.com/rhajizada/cradle/internal/logging/handler.go:34.69,36.2 1 1
github.com/rhajizada/cradle/internal/logging/handler.go:38.66,44.13 5 1
github.com/rhajizada/cradle/internal/logging/handler.go:44.13,53.3 1 0
github.com/rhajizada/cradle/internal/logging/handler.go:53.8,55.3 1 1
github.com/rhajizada/cradle/internal/logging/handler.go:57.2,58.33 2 1
github.com/rhajizada/cradle/internal/logging/handler.go:58.33,61.3 2 1
github.com/rhajizada/cradle/internal/logging/handler.go:62.2,66.12 4 1
github.com/rhajizada/cradle/internal/logging/handler.go:69.61,77.2 1 1
github.com/rhajizada/cradle/internal/logging/handler.go:79.55,80.16 1 1
github.com/rhajizada/cradle/internal/logging/handler.go:80.16,82.3 1 1
github.com/rhajizada/cradle/internal/logging/handler.go:83.2,89.3 1 1
github.com/rhajizada/cradle/internal/logging/handler.go:92.86,93.26 1 1
github.com/rhajizada/cradle/internal/logging/handler.go:93.26,96.22 3 1
github.com/rhajizada/cradle/internal/logging/handler.go:96.22,98.4 1 1
github.com/rhajizada/cradle/internal/logging/handler.go:99.3,100.12 2 1
github.com/rhajizada/cradle/internal/logging/handler.go:100.12,109.4 1 1
github.com/rhajizada/cradle/internal/logging/handler.go:109.9,111.4 1 1
github.com/rhajizada/cradle/internal/logging/handler.go:115.39,116.18 1 1
github.com/rhajizada/cradle/internal/logging/handler.go:117.23,118.20 1 1
github.com/rhajizada/cradle/internal/logging/handler.go:119.21,120.39 1 1
github.com/rhajizada/cradle/internal/logging/handler.go:121.21,122.38 1 0
github.com/rhajizada/cradle/internal/logging/handler.go:123.22,124.42 1 0
github.com/rhajizada/cradle/internal/logging/handler.go:125.23,126.44 1 0
github.com/rhajizada/cradle/internal/logging/handler.go:127.24,128.40 1 0
github.com/rhajizada/cradle/internal/logging/handler.go:129.25,130.31 1 0
github.com/rhajizada/cradle/internal/logging/handler.go:131.20,132.36 1 0
github.com/rhajizada/cradle/internal/logging/handler.go:133.22,134.32 1 0
github.com/rhajizada/cradle/internal/logging/handler.go:135.26,136.34 1 0
github.com/rhajizada/cradle/internal/logging/handler.go:137.10,138.20 1 0
github.com/rhajizada/cradle/internal/logging/handler.go:142.44,145.26 3 0
github.com/rhajizada/cradle/internal/logging/handler.go:145.26,146.12 1 0
github.com/rhajizada/cradle/internal/logging/handler.go:146.12,148.4 1 0
github.com/rhajizada/cradle/internal/logging/handler.go:149.3,149.56 1 0
github.com/rhajizada/cradle/internal/logging/handler.go:151.2,152.19 2 0
github.com/rhajizada/cradle/internal/logging/handler.go:155.37,157.9 2 1
github.com/rhajizada/cradle/internal/logging/handler.go:157.9,159.3 1 1
github.com/rhajizada/cradle/internal/logging/handler.go:160.2,160.60 1 1
github.com/rhajizada/cradle/internal/logging/handler.go:160.60,162.3 1 1
github.com/rhajizada/cradle/internal/logging/handler.go:163.2,163.37 1 0
github.com/rhajizada/cradle/internal/logging/handler.go:176.60,177.9 1 1
github.com/rhajizada/cradle/internal/logging/handler.go:178.32,179.33 1 1
github.com/rhajizada/cradle/internal/logging/handler.go:180.31,181.38 1 1
github.com/rhajizada/cradle/internal/logging/handler.go:182.31,183.34 1 1
github.com/rhajizada/cradle/internal/logging/handler.go:184.10,185.35 1 1
github.com/rhajizada/cradle/internal/logging/logger.go:8.38,10.2 1 1
github.com/rhajizada/cradle/cmd/configschema/main.go:13.13,15.16 2 0
github.com/rhajizada/cradle/cmd/configschema/main.go:15.16,17.3 1 0
github.com/rhajizada/cradle/cmd/configschema/main.go:19.2,23.50 4 0
github.com/rhajizada/cradle/cmd/configschema/main.go:23.50,25.3 1 0
github.com/rhajizada/cradle/internal/service/build.go:33.96,35.16 2 1
github.com/rhajizada/cradle/internal/service/build.go:35.16,37.3 1 0
github.com/rhajizada/cradle/internal/service/build.go:38.2,38.15 1 1
github.com/rhajizada/cradle/internal/service/build.go:38.15,39.54 1 1
github.com/rhajizada/cradle/internal/service/build.go:39.54,41.4 1 0
github.com/rhajizada/cradle/internal/service/build.go:44.2,44.36 1 1
github.com/rhajizada/cradle/internal/service/build.go:47.112,48.14 1 1
github.com/rhajizada/cradle/internal/service/build.go:48.14,50.3 1 0
github.com/rhajizada/cradle/internal/service/build.go:52.2,54.16 3 1
github.com/rhajizada/cradle/internal/service/build.go:54.16,56.3 1 0
github.com/rhajizada/cradle/internal/service/build.go:58.2,58.98 1 1
github.com/rhajizada/cradle/internal/service/build.go:58.98,59.63 1 0
github.com/rhajizada/cradle/internal/service/build.go:59.63,63.4 3 0
github.com/rhajizada/cradle/internal/service/build.go:64.3,64.18 1 0
github.com/rhajizada/cradle/internal/service/build.go:67.2,67.12 1 1
github.com/rhajizada/cradle/internal/service/build.go:70.94,71.14 1 1
github.com/rhajizada/cradle/internal/service/build.go:71.14,73.3 1 0
github.com/rhajizada/cradle/internal/service/build.go:75.2,76.22 2 1
github.com/rhajizada/cradle/internal/service/build.go:76.22,78.3 1 1
github.com/rhajizada/cradle/internal/service/build.go:80.2,81.27 2 1
github.com/rhajizada/cradle/internal/service/build.go:81.27,84.3 2 1
github.com/rhajizada/cradle/internal/service/build.go:86.2,87.21 2 1
github.com/rhajizada/cradle/internal/service/build.go:87.21,89.3 1 1
github.com/rhajizada/cradle/internal/service/build.go:91.2,92.21 2 1
github.com/rhajizada/cradle/internal/service/build.go:92.21,94.3 1 1
github.com/rhajizada/cradle/internal/service/build.go:95.2,96.26 2 1
github.com/rhajizada/cradle/internal/service/build.go:96.26,98.3 1 1
github.com/rhajizada/cradle/internal/service/build.go:100.2,101.16 2 1
github.com/rhajizada/cradle/internal/service/build.go:101.16,103.3 1 0
github.com/rhajizada/cradle/internal/service/build.go:105.2,141.8 1 1
github.com/rhajizada/cradle/internal/service/build.go:144.68,145.21 1 1
github.com/rhajizada/cradle/internal/service/build.go:145.21,147.3 1 1
github.com/rhajizada/cradle/internal/service/build.go:148.2,149.26 2 1
github.com/rhajizada/cradle/internal/service/build.go:149.26,151.17 2 1
github.com/rhajizada/cradle/internal/service/build.go:151.17,153.4 1 1
github.com/rhajizada/cradle/internal/service/build.go:154.3,154.36 1 1
github.com/rhajizada/cradle/internal/service/build.go:156.2,156.23 1 1
github.com/rhajizada/cradle/internal/service/build.go:165.15,167.30 2 1
github.com/rhajizada/cradle/internal/service/build.go:167.30,169.3 1 0
github.com/rhajizada/cradle/internal/service/build.go:169.8,171.3 1 1
github.com/rhajizada/cradle/internal/service/build.go:172.2,172.15 1 1
github.com/rhajizada/cradle/internal/service/build.go:172.15,173.53 1 1
github.com/rhajizada/cradle/internal/service/build.go:173.53,175.4 1 0
github.com/rhajizada/cradle/internal/service/build.go:178.2,182.43 4 1
github.com/rhajizada/cradle/internal/service/build.go:182.43,184.17 2 1
github.com/rhajizada/cradle/internal/service/build.go:184.17,186.4 1 0
github.com/rhajizada/cradle/internal/service/build.go:187.3,189.13 3 1
github.com/rhajizada/cradle/internal/service/build.go:189.13,190.115 1 1
github.com/rhajizada/cradle/internal/service/build.go:190.115,192.5 1 1
github.com/rhajizada/cradle/internal/service/build.go:194.3,194.16 1 1
github.com/rhajizada/cradle/internal/service/build.go:194.16,196.54 2 1
github.com/rhajizada/cradle/internal/service/build.go:196.54,198.5 1 0
github.com/rhajizada/cradle/internal/service/build.go:202.2,203.16 2 1
github.com/rhajizada/cradle/internal/service/build.go:203.16,205.3 1 0
github.com/rhajizada/cradle/internal/service/build.go:206.2,206.15 1 1
github.com/rhajizada/cradle/internal/service/build.go:206.15,207.58 1 1
github.com/rhajizada/cradle/internal/service/build.go:207.58,209.4 1 0
github.com/rhajizada/cradle/internal/service/build.go:212.2,212.40 1 1
github.com/rhajizada/cradle/internal/service/build.go:215.66,216.21 1 1
github.com/rhajizada/cradle/internal/service/build.go:216.21,218.3 1 1
github.com/rhajizada/cradle/internal/service/build.go:219.2,220.29 2 1
github.com/rhajizada/cradle/internal/service/build.go:220.29,226.3 1 1
github.com/rhajizada/cradle/internal/service/build.go:227.2,227.16 1 1
github.com/rhajizada/cradle/internal/service/build.go:230.95,231.21 1 1
github.com/rhajizada/cradle/internal/service/build.go:231.21,233.3 1 1
github.com/rhajizada/cradle/internal/service/build.go:234.2,235.32 2 1
github.com/rhajizada/cradle/internal/service/build.go:235.32,244.3 1 1
github.com/rhajizada/cradle/internal/service/build.go:245.2,245.20 1 1
github.com/rhajizada/cradle/internal/service/build.go:248.77,249.21 1 1
github.com/rhajizada/cradle/internal/service/build.go:249.21,251.3 1 1
github.com/rhajizada/cradle/internal/service/build.go:252.2,253.29 2 1
github.com/rhajizada/cradle/internal/service/build.go:253.29,258.3 1 1
github.com/rhajizada/cradle/internal/service/build.go:259.2,259.16 1 1
github.com/rhajizada/cradle/internal/service/build.go:271.58,277.21 5 1
github.com/rhajizada/cradle/internal/service/build.go:277.21,278.59 1 1
github.com/rhajizada/cradle/internal/service/build.go:278.59,280.4 1 0
github.com/rhajizada/cradle/internal/service/build.go:283.2,283.22 1 1
github.com/rhajizada/cradle/internal/service/build.go:293.55,299.2 1 1
github.com/rhajizada/cradle/internal/service/build.go:301.53,303.19 2 1
github.com/rhajizada/cradle/internal/service/build.go:303.19,305.3 1 0
github.com/rhajizada/cradle/internal/service/build.go:307.2,308.51 2 1
github.com/rhajizada/cradle/internal/service/build.go:308.51,311.3 2 0
github.com/rhajizada/cradle/internal/service/build.go:313.2,313.24 1 1
github.com/rhajizada/cradle/internal/service/build.go:316.59,317.9 1 1
github.com/rhajizada/cradle/internal/service/build.go:318.23,319.37 1 0
github.com/rhajizada/cradle/internal/service/build.go:320.24,321.58 1 0
github.com/rhajizada/cradle/internal/service/build.go:322.59,323.32 1 1
github.com/rhajizada/cradle/internal/service/build.go:324.24,325.29 1 1
github.com/rhajizada/cradle/internal/service/build.go:326.10,327.13 1 1
github.com/rhajizada/cradle/internal/service/build.go:331.65,333.9 2 1
github.com/rhajizada/cradle/internal/service/build.go:333.9,335.3 1 1
github.com/rhajizada/cradle/internal/service/build.go:337.2,337.29 1 1
github.com/rhajizada/cradle/internal/service/build.go:337.29,338.40 1 1
github.com/rhajizada/cradle/internal/service/build.go:338.40,339.12 1 1
github.com/rhajizada/cradle/internal/service/build.go:341.3,342.86 2 1
github.com/rhajizada/cradle/internal/service/build.go:342.86,344.4 1 0
github.com/rhajizada/cradle/internal/service/build.go:347.2,347.12 1 1
github.com/rhajizada/cradle/internal/service/build.go:350.63,352.27 2 1
github.com/rhajizada/cradle/internal/service/build.go:352.27,354.3 1 0
github.com/rhajizada/cradle/internal/service/build.go:355.2,358.9 3 1
github.com/rhajizada/cradle/internal/service/build.go:359.26,360.96 1 0
github.com/rhajizada/cradle/internal/service/build.go:361.20,362.97 1 1
github.com/rhajizada/cradle/internal/service/build.go:363.10,364.91 1 1
github.com/rhajizada/cradle/internal/service/build.go:368.49,371.2 2 1
github.com/rhajizada/cradle/internal/service/build.go:377.42,379.9 2 1
github.com/rhajizada/cradle/internal/service/build.go:379.9,381.3 1 1
github.com/rhajizada/cradle/internal/service/build.go:382.2,382.60 1 0
github.com/rhajizada/cradle/internal/service/build.go:382.60,384.3 1 0
github.com/rhajizada/cradle/internal/service/build.go:385.2,385.54 1 0
github.com/rhajizada/cradle/internal/service/build.go:388.48,389.14 1 1
github.com/rhajizada/cradle/internal/service/build.go:389.14,391.3 1 1
github.com/rhajizada/cradle/internal/service/build.go:392.2,392.37 1 1
github.com/rhajizada/cradle/internal/service/build.go:395.69,397.14 2 1
github.com/rhajizada/cradle/internal/service/build.go:397.14,399.3 1 1
github.com/rhajizada/cradle/internal/service/build.go:400.2,400.67 1 1
github.com/rhajizada/cradle/internal/service/build.go:403.43,405.26 2 1
github.com/rhajizada/cradle/internal/service/build.go:405.26,406.33 1 1
github.com/rhajizada/cradle/internal/service/build.go:406.33,408.4 1 1
github.com/rhajizada/cradle/internal/service/build.go:410.2,410.12 1 1
github.com/rhajizada/cradle/internal/service/build.go:413.64,415.9 2 1
github.com/rhajizada/cradle/internal/service/build.go:415.9,417.3 1 0
github.com/rhajizada/cradle/internal/service/build.go:419.2,420.9 2 1
github.com/rhajizada/cradle/internal/service/build.go:420.9,422.3 1 0
github.com/rhajizada/cradle/internal/service/build.go:424.2,425.21 2 1
github.com/rhajizada/cradle/internal/service/build.go:425.21,427.3 1 1
github.com/rhajizada/cradle/internal/service/build.go:428.2,428.20 1 1
github.com/rhajizada/cradle/internal/service/build.go:431.54,433.65 2 1
github.com/rhajizada/cradle/internal/service/build.go:433.65,435.3 1 0
github.com/rhajizada/cradle/internal/service/build.go:436.2,436.17 1 1
github.com/rhajizada/cradle/internal/service/build.go:439.70,441.51 2 1
github.com/rhajizada/cradle/internal/service/build.go:441.51,443.3 1 0
github.com/rhajizada/cradle/internal/service/build.go:444.2,444.18 1 1
github.com/rhajizada/cradle/internal/service/build.go:447.64,453.2 5 1
github.com/rhajizada/cradle/internal/service/build.go:455.58,457.31 2 1
github.com/rhajizada/cradle/internal/service/build.go:457.31,459.17 2 1
github.com/rhajizada/cradle/internal/service/build.go:459.17,460.12 1 0
github.com/rhajizada/cradle/internal/service/build.go:462.3,462.22 1 1
github.com/rhajizada/cradle/internal/service/build.go:462.22,464.4 1 1
github.com/rhajizada/cradle/internal/service/build.go:465.3,465.27 1 1
github.com/rhajizada/cradle/internal/service/build.go:465.27,467.4 1 0
github.com/rhajizada/cradle/internal/service/build.go:468.3,468.30 1 1
github.com/rhajizada/cradle/internal/service/build.go:470.2,470.14 1 1
github.com/rhajizada/cradle/internal/service/build.go:473.54,475.27 2 1
github.com/rhajizada/cradle/internal/service/build.go:475.27,477.50 2 1
github.com/rhajizada/cradle/internal/service/build.go:477.50,479.18 2 1
github.com/rhajizada/cradle/internal/service/build.go:479.18,480.13 1 1
github.com/rhajizada/cradle/internal/service/build.go:482.4,482.31 1 1
github.com/rhajizada/cradle/internal/service/build.go:485.2,485.14 1 1
github.com/rhajizada/cradle/internal/service/build.go:488.66,490.32 2 1
github.com/rhajizada/cradle/internal/service/build.go:490.32,492.18 2 1
github.com/rhajizada/cradle/internal/service/build.go:492.18,494.4 1 1
github.com/rhajizada/cradle/internal/service/build.go:495.3,495.43 1 1
github.com/rhajizada/cradle/internal/service/build.go:495.43,497.18 2 0
github.com/rhajizada/cradle/internal/service/build.go:497.18,499.5 1 0
github.com/rhajizada/cradle/internal/service/build.go:502.2,502.14 1 1
github.com/rhajizada/cradle/internal/service/build.go:505.40,506.9 1 1
github.com/rhajizada/cradle/internal/service/build.go:507.44,508.16 1 1
github.com/rhajizada/cradle/internal/service/build.go:509.43,510.16 1 1
github.com/rhajizada/cradle/internal/service/build.go:511.43,512.15 1 1
github.com/rhajizada/cradle/internal/service/build.go:513.10,514.16 1 1
github.com/rhajizada/cradle/internal/service/build.go:518.41,519.14 1 1
github.com/rhajizada/cradle/internal/service/build.go:519.14,521.3 1 1
github.com/rhajizada/cradle/internal/service/build.go:522.2,522.67 1 1
github.com/rhajizada/cradle/internal/service/build.go:522.67,524.3 1 1
github.com/rhajizada/cradle/internal/service/build.go:525.2,525.22 1 1
github.com/rhajizada/cradle/internal/service/build.go:525.22,527.3 1 1
github.com/rhajizada/cradle/internal/service/build.go:528.2,528.17 1 1
github.com/rhajizada/cradle/internal/service/build.go:531.34,532.22 1 1
github.com/rhajizada/cradle/internal/service/build.go:532.22,533.25 1 1
github.com/rhajizada/cradle/internal/service/build.go:533.25,535.4 1 1
github.com/rhajizada/cradle/internal/service/build.go:537.2,537.16 1 1
github.com/rhajizada/cradle/internal/service/build.go:540.34,541.31 1 1
github.com/rhajizada/cradle/internal/service/build.go:541.31,543.3 1 1
github.com/rhajizada/cradle/internal/service/build.go:544.2,544.22 1 1
github.com/rhajizada/cradle/internal/service/build.go:544.22,545.55 1 1
github.com/rhajizada/cradle/internal/service/build.go:545.55,546.12 1 1
github.com/rhajizada/cradle/internal/service/build.go:548.3,548.15 1 1
github.com/rhajizada/cradle/internal/service/build.go:550.2,550.13 1 1
github.com/rhajizada/cradle/internal/service/ls.go:22.76,24.34 2 1
github.com/rhajizada/cradle/internal/service/ls.go:24.34,26.3 1 1
github.com/rhajizada/cradle/internal/service/ls.go:27.2,30.29 3 1
github.com/rhajizada/cradle/internal/service/ls.go:30.29,32.17 2 1
github.com/rhajizada/cradle/internal/service/ls.go:32.17,34.4 1 0
github.com/rhajizada/cradle/internal/service/ls.go:35.3,35.28 1 1
github.com/rhajizada/cradle/internal/service/ls.go:38.2,38.17 1 1
github.com/rhajizada/cradle/internal/service/ls.go:41.86,43.16 2 1
github.com/rhajizada/cradle/internal/service/ls.go:43.16,45.3 1 0
github.com/rhajizada/cradle/internal/service/ls.go:47.2,49.16 3 1
github.com/rhajizada/cradle/internal/service/ls.go:49.16,51.3 1 0
github.com/rhajizada/cradle/internal/service/ls.go:53.2,55.16 3 1
github.com/rhajizada/cradle/internal/service/ls.go:55.16,57.3 1 0
github.com/rhajizada/cradle/internal/service/ls.go:59.2,67.8 1 1
github.com/rhajizada/cradle/internal/service/ls.go:70.45,71.29 1 1
github.com/rhajizada/cradle/internal/service/ls.go:71.29,73.3 1 0
github.com/rhajizada/cradle/internal/service/ls.go:74.2,74.17 1 1
github.com/rhajizada/cradle/internal/service/ls.go:77.78,78.56 1 1
github.com/rhajizada/cradle/internal/service/ls.go:78.56,79.30 1 1
github.com/rhajizada/cradle/internal/service/ls.go:79.30,81.4 1 1
github.com/rhajizada/cradle/internal/service/ls.go:82.3,82.20 1 0
github.com/rhajizada/cradle/internal/service/ls.go:84.2,84.18 1 1
github.com/rhajizada/cradle/internal/service/ls.go:87.61,88.55 1 1
github.com/rhajizada/cradle/internal/service/ls.go:88.55,90.3 1 0
github.com/rhajizada/cradle/internal/service/ls.go:91.2,91.40 1 1
github.com/rhajizada/cradle/internal/service/ls.go:94.89,96.16 2 1
github.com/rhajizada/cradle/internal/service/ls.go:96.16,97.30 1 1
github.com/rhajizada/cradle/internal/service/ls.go:97.30,99.4 1 1
github.com/rhajizada/cradle/internal/service/ls.go:100.3,100.24 1 0
github.com/rhajizada/cradle/internal/service/ls.go:103.2,104.32 2 0
github.com/rhajizada/cradle/internal/service/ls.go:104.32,105.63 1 0
github.com/rhajizada/cradle/internal/service/ls.go:105.63,107.4 1 0
github.com/rhajizada/cradle/internal/service/ls.go:110.2,110.26 1 0
github.com/rhajizada/cradle/internal/service/platform.go:12.57,14.57 2 1
github.com/rhajizada/cradle/internal/service/platform.go:14.57,16.3 1 1
github.com/rhajizada/cradle/internal/service/platform.go:17.2,21.40 2 1
github.com/rhajizada/cradle/internal/service/platform.go:21.40,23.3 1 0
github.com/rhajizada/cradle/internal/service/platform.go:24.2,24.15 1 1
github.com/rhajizada/cradle/internal/service/run.go:73.23,75.12 2 1
github.com/rhajizada/cradle/internal/service/run.go:75.12,77.3 1 0
github.com/rhajizada/cradle/internal/service/run.go:79.2,80.16 2 1
github.com/rhajizada/cradle/internal/service/run.go:80.16,82.3 1 0
github.com/rhajizada/cradle/internal/service/run.go:84.2,93.16 4 1
github.com/rhajizada/cradle/internal/service/run.go:93.16,95.3 1 0
github.com/rhajizada/cradle/internal/service/run.go:97.2,107.16 2 1
github.com/rhajizada/cradle/internal/service/run.go:107.16,109.3 1 0
github.com/rhajizada/cradle/internal/service/run.go:111.2,118.21 1 1
github.com/rhajizada/cradle/internal/service/run.go:118.21,120.3 1 0
github.com/rhajizada/cradle/internal/service/run.go:120.8,120.19 1 1
github.com/rhajizada/cradle/internal/service/run.go:120.19,122.3 1 1
github.com/rhajizada/cradle/internal/service/run.go:124.2,125.22 2 1
github.com/rhajizada/cradle/internal/service/run.go:125.22,127.3 1 0
github.com/rhajizada/cradle/internal/service/run.go:129.2,134.8 1 1
github.com/rhajizada/cradle/internal/service/run.go:144.19,154.16 2 1
github.com/rhajizada/cradle/internal/service/run.go:154.16,156.3 1 0
github.com/rhajizada/cradle/internal/service/run.go:158.2,159.16 2 1
github.com/rhajizada/cradle/internal/service/run.go:159.16,161.3 1 0
github.com/rhajizada/cradle/internal/service/run.go:163.2,163.107 1 1
github.com/rhajizada/cradle/internal/service/run.go:163.107,165.3 1 0
github.com/rhajizada/cradle/internal/service/run.go:167.2,167.24 1 1
github.com/rhajizada/cradle/internal/service/run.go:178.42,183.16 4 1
github.com/rhajizada/cradle/internal/service/run.go:183.16,185.3 1 1
github.com/rhajizada/cradle/internal/service/run.go:187.2,188.16 2 1
github.com/rhajizada/cradle/internal/service/run.go:188.16,190.3 1 1
github.com/rhajizada/cradle/internal/service/run.go:192.2,193.16 2 1
github.com/rhajizada/cradle/internal/service/run.go:193.16,195.3 1 1
github.com/rhajizada/cradle/internal/service/run.go:196.2,198.69 2 1
github.com/rhajizada/cradle/internal/service/run.go:198.69,200.3 1 1
github.com/rhajizada/cradle/internal/service/run.go:202.2,221.27 3 1
github.com/rhajizada/cradle/internal/service/run.go:221.27,223.3 1 1
github.com/rhajizada/cradle/internal/service/run.go:224.2,224.20 1 1
github.com/rhajizada/cradle/internal/service/run.go:224.20,226.3 1 1
github.com/rhajizada/cradle/internal/service/run.go:228.2,229.22 2 1
github.com/rhajizada/cradle/internal/service/run.go:229.22,231.3 1 1
github.com/rhajizada/cradle/internal/service/run.go:232.2,232.20 1 1
github.com/rhajizada/cradle/internal/service/run.go:232.20,234.3 1 1
github.com/rhajizada/cradle/internal/service/run.go:236.2,242.24 2 1
github.com/rhajizada/cradle/internal/service/run.go:242.24,244.30 2 0
github.com/rhajizada/cradle/internal/service/run.go:244.30,246.4 1 0
github.com/rhajizada/cradle/internal/service/run.go:247.3,247.33 1 0
github.com/rhajizada/cradle/internal/service/run.go:250.2,250.24 1 1
github.com/rhajizada/cradle/internal/service/run.go:253.80,257.16 2 0
github.com/rhajizada/cradle/internal/service/run.go:257.16,259.3 1 0
github.com/rhajizada/cradle/internal/service/run.go:260.2,262.55 2 0
github.com/rhajizada/cradle/internal/service/run.go:262.55,264.23 2 0
github.com/rhajizada/cradle/internal/service/run.go:264.23,265.17 1 0
github.com/rhajizada/cradle/internal/service/run.go:265.17,267.5 1 0
github.com/rhajizada/cradle/internal/service/run.go:271.2,271.14 1 0
github.com/rhajizada/cradle/internal/service/run.go:271.14,272.20 1 0
github.com/rhajizada/cradle/internal/service/run.go:272.20,274.40 2 0
github.com/rhajizada/cradle/internal/service/run.go:274.40,276.5 1 0
github.com/rhajizada/cradle/internal/service/run.go:277.4,280.6 1 0
github.com/rhajizada/cradle/internal/service/run.go:282.3,286.13 5 0
github.com/rhajizada/cradle/internal/service/run.go:286.13,287.20 1 0
github.com/rhajizada/cradle/internal/service/run.go:287.20,289.5 1 0
github.com/rhajizada/cradle/internal/service/run.go:293.2,293.12 1 0
github.com/rhajizada/cradle/internal/service/run.go:293.12,293.57 1 0
github.com/rhajizada/cradle/internal/service/run.go:294.2,297.9 3 0
github.com/rhajizada/cradle/internal/service/run.go:298.31,299.21 1 0
github.com/rhajizada/cradle/internal/service/run.go:299.21,301.4 1 0
github.com/rhajizada/cradle/internal/service/run.go:302.21,302.21 0 0
github.com/rhajizada/cradle/internal/service/run.go:305.2,305.22 1 0
github.com/rhajizada/cradle/internal/service/run.go:305.22,307.3 1 0
github.com/rhajizada/cradle/internal/service/run.go:308.2,309.12 2 0
github.com/rhajizada/cradle/internal/service/run.go:316.29,318.16 2 1
github.com/rhajizada/cradle/internal/service/run.go:318.16,319.30 1 1
github.com/rhajizada/cradle/internal/service/run.go:319.30,321.4 1 1
github.com/rhajizada/cradle/internal/service/run.go:322.3,322.25 1 0
github.com/rhajizada/cradle/internal/service/run.go:325.2,326.71 2 1
github.com/rhajizada/cradle/internal/service/run.go:326.71,328.3 1 1
github.com/rhajizada/cradle/internal/service/run.go:330.2,330.54 1 1
github.com/rhajizada/cradle/internal/service/run.go:330.54,331.64 1 1
github.com/rhajizada/cradle/internal/service/run.go:331.64,333.4 1 0
github.com/rhajizada/cradle/internal/service/run.go:334.3,335.25 2 1
github.com/rhajizada/cradle/internal/service/run.go:338.2,338.64 1 1
github.com/rhajizada/cradle/internal/service/run.go:338.64,339.114 1 1
github.com/rhajizada/cradle/internal/service/run.go:339.114,341.4 1 0
github.com/rhajizada/cradle/internal/service/run.go:344.2,349.14 1 1
github.com/rhajizada/cradle/internal/service/run.go:420.19,430.16 3 1
github.com/rhajizada/cradle/internal/service/run.go:430.16,432.3 1 0
github.com/rhajizada/cradle/internal/service/run.go:433.2,434.40 2 1
github.com/rhajizada/cradle/internal/service/run.go:437.100,483.2 1 1
github.com/rhajizada/cradle/internal/service/run.go:485.50,486.18 1 1
github.com/rhajizada/cradle/internal/service/run.go:486.18,488.3 1 1
github.com/rhajizada/cradle/internal/service/run.go:489.2,490.23 2 1
github.com/rhajizada/cradle/internal/service/run.go:490.23,492.14 2 1
github.com/rhajizada/cradle/internal/service/run.go:492.14,493.12 1 1
github.com/rhajizada/cradle/internal/service/run.go:495.3,495.23 1 1
github.com/rhajizada/cradle/internal/service/run.go:497.2,497.12 1 1
github.com/rhajizada/cradle/internal/service/run.go:500.47,502.24 2 1
github.com/rhajizada/cradle/internal/service/run.go:502.24,504.3 1 1
github.com/rhajizada/cradle/internal/service/run.go:505.2,505.12 1 1
github.com/rhajizada/cradle/internal/service/run.go:508.55,509.22 1 1
github.com/rhajizada/cradle/internal/service/run.go:509.22,511.3 1 1
github.com/rhajizada/cradle/internal/service/run.go:512.2,513.26 2 1
github.com/rhajizada/cradle/internal/service/run.go:513.26,515.3 1 1
github.com/rhajizada/cradle/internal/service/run.go:516.2,518.27 3 1
github.com/rhajizada/cradle/internal/service/run.go:518.27,520.3 1 1
github.com/rhajizada/cradle/internal/service/run.go:521.2,521.16 1 1
github.com/rhajizada/cradle/internal/service/run.go:524.85,525.24 1 1
github.com/rhajizada/cradle/internal/service/run.go:525.24,527.3 1 1
github.com/rhajizada/cradle/internal/service/run.go:528.2,529.28 2 0
github.com/rhajizada/cradle/internal/service/run.go:529.28,531.3 1 0
github.com/rhajizada/cradle/internal/service/run.go:532.2,534.27 3 0
github.com/rhajizada/cradle/internal/service/run.go:534.27,537.3 2 0
github.com/rhajizada/cradle/internal/service/run.go:538.2,538.16 1 0
github.com/rhajizada/cradle/internal/service/run.go:541.82,545.2 3 1
github.com/rhajizada/cradle/internal/service/run.go:547.56,548.36 1 1
github.com/rhajizada/cradle/internal/service/run.go:548.36,550.3 1 1
github.com/rhajizada/cradle/internal/service/run.go:551.2,552.16 2 1
github.com/rhajizada/cradle/internal/service/run.go:552.16,554.3 1 1
github.com/rhajizada/cradle/internal/service/run.go:555.2,555.18 1 1
github.com/rhajizada/cradle/internal/service/run.go:555.18,557.3 1 0
github.com/rhajizada/cradle/internal/service/run.go:558.2,559.27 2 1
github.com/rhajizada/cradle/internal/service/run.go:562.92,563.17 1 1
github.com/rhajizada/cradle/internal/service/run.go:563.17,565.3 1 1
github.com/rhajizada/cradle/internal/service/run.go:566.2,566.18 1 1
github.com/rhajizada/cradle/internal/service/run.go:566.18,568.3 1 0
github.com/rhajizada/cradle/internal/service/run.go:569.2,571.16 3 1
github.com/rhajizada/cradle/internal/service/run.go:571.16,573.3 1 1
github.com/rhajizada/cradle/internal/service/run.go:574.2,576.16 3 1
github.com/rhajizada/cradle/internal/service/run.go:576.16,578.3 1 0
github.com/rhajizada/cradle/internal/service/run.go:579.2,581.16 3 1
github.com/rhajizada/cradle/internal/service/run.go:581.16,583.3 1 0
github.com/rhajizada/cradle/internal/service/run.go:584.2,586.16 3 1
github.com/rhajizada/cradle/internal/service/run.go:586.16,588.3 1 0
github.com/rhajizada/cradle/internal/service/run.go:589.2,590.25 2 1
github.com/rhajizada/cradle/internal/service/run.go:590.25,592.3 1 0
github.com/rhajizada/cradle/internal/service/run.go:593.2,593.22 1 1
github.com/rhajizada/cradle/internal/service/run.go:596.71,597.36 1 1
github.com/rhajizada/cradle/internal/service/run.go:597.36,599.3 1 1
github.com/rhajizada/cradle/internal/service/run.go:600.2,601.16 2 1
github.com/rhajizada/cradle/internal/service/run.go:601.16,603.3 1 1
github.com/rhajizada/cradle/internal/service/run.go:604.2,604.18 1 1
github.com/rhajizada/cradle/internal/service/run.go:604.18,606.3 1 0
github.com/rhajizada/cradle/internal/service/run.go:607.2,607.22 1 1
github.com/rhajizada/cradle/internal/service/run.go:610.88,611.21 1 1
github.com/rhajizada/cradle/internal/service/run.go:611.21,613.3 1 1
github.com/rhajizada/cradle/internal/service/run.go:614.2,614.20 1 1
github.com/rhajizada/cradle/internal/service/run.go:614.20,616.3 1 1
github.com/rhajizada/cradle/internal/service/run.go:617.2,617.28 1 1
github.com/rhajizada/cradle/internal/service/run.go:617.28,619.17 2 1
github.com/rhajizada/cradle/internal/service/run.go:619.17,620.12 1 0
github.com/rhajizada/cradle/internal/service/run.go:622.3,623.17 2 1
github.com/rhajizada/cradle/internal/service/run.go:623.17,625.4 1 1
github.com/rhajizada/cradle/internal/service/run.go:626.3,626.29 1 1
github.com/rhajizada/cradle/internal/service/run.go:628.2,628.21 1 1
github.com/rhajizada/cradle/internal/service/run.go:631.53,633.28 2 1
github.com/rhajizada/cradle/internal/service/run.go:633.28,635.17 2 1
github.com/rhajizada/cradle/internal/service/run.go:635.17,636.12 1 0
github.com/rhajizada/cradle/internal/service/run.go:638.3,639.17 2 1
github.com/rhajizada/cradle/internal/service/run.go:639.17,641.4 1 1
github.com/rhajizada/cradle/internal/service/run.go:642.3,642.30 1 1
github.com/rhajizada/cradle/internal/service/run.go:644.2,644.19 1 1
github.com/rhajizada/cradle/internal/service/run.go:647.60,648.21 1 1
github.com/rhajizada/cradle/internal/service/run.go:648.21,650.3 1 0
github.com/rhajizada/cradle/internal/service/run.go:651.2,652.28 2 1
github.com/rhajizada/cradle/internal/service/run.go:652.28,654.17 2 1
github.com/rhajizada/cradle/internal/service/run.go:654.17,655.12 1 0
github.com/rhajizada/cradle/internal/service/run.go:657.3,659.17 3 1
github.com/rhajizada/cradle/internal/service/run.go:659.17,661.4 1 1
github.com/rhajizada/cradle/internal/service/run.go:662.3,663.35 2 1
github.com/rhajizada/cradle/internal/service/run.go:663.35,665.4 1 1
github.com/rhajizada/cradle/internal/service/run.go:666.3,666.26 1 1
github.com/rhajizada/cradle/internal/service/run.go:668.2,668.21 1 1
github.com/rhajizada/cradle/internal/service/run.go:671.74,673.28 2 1
github.com/rhajizada/cradle/internal/service/run.go:673.28,675.17 2 1
github.com/rhajizada/cradle/internal/service/run.go:675.17,676.12 1 0
github.com/rhajizada/cradle/internal/service/run.go:678.3,680.21 3 1
github.com/rhajizada/cradle/internal/service/run.go:681.27,684.37 3 0
github.com/rhajizada/cradle/internal/service/run.go:685.29,688.37 3 1
github.com/rhajizada/cradle/internal/service/run.go:689.27,692.40 3 1
github.com/rhajizada/cradle/internal/service/run.go:693.11,694.58 1 0
github.com/rhajizada/cradle/internal/service/run.go:696.3,696.64 1 1
github.com/rhajizada/cradle/internal/service/run.go:696.64,698.4 1 1
github.com/rhajizada/cradle/internal/service/run.go:699.3,699.37 1 1
github.com/rhajizada/cradle/internal/service/run.go:701.2,701.21 1 1
github.com/rhajizada/cradle/internal/service/run.go:704.94,705.24 1 1
github.com/rhajizada/cradle/internal/service/run.go:705.24,707.3 1 1
github.com/rhajizada/cradle/internal/service/run.go:708.2,709.35 2 1
github.com/rhajizada/cradle/internal/service/run.go:709.35,712.3 2 1
github.com/rhajizada/cradle/internal/service/run.go:713.2,713.62 1 1
github.com/rhajizada/cradle/internal/service/run.go:716.42,717.14 1 1
github.com/rhajizada/cradle/internal/service/run.go:717.14,719.3 1 1
github.com/rhajizada/cradle/internal/service/run.go:720.2,720.11 1 1
github.com/rhajizada/cradle/internal/service/run.go:723.60,724.22 1 1
github.com/rhajizada/cradle/internal/service/run.go:724.22,726.3 1 1
github.com/rhajizada/cradle/internal/service/run.go:727.2,727.40 1 0
github.com/rhajizada/cradle/internal/service/run.go:730.42,731.20 1 1
github.com/rhajizada/cradle/internal/service/run.go:731.20,733.3 1 1
github.com/rhajizada/cradle/internal/service/run.go:734.2,734.32 1 1
github.com/rhajizada/cradle/internal/service/run.go:734.32,736.3 1 0
github.com/rhajizada/cradle/internal/service/run.go:737.2,737.11 1 1
github.com/rhajizada/cradle/internal/service/run.go:744.32,746.60 2 1
github.com/rhajizada/cradle/internal/service/run.go:746.60,748.3 1 1
github.com/rhajizada/cradle/internal/service/run.go:749.2,749.22 1 1
github.com/rhajizada/cradle/internal/service/run.go:749.22,751.3 1 1
github.com/rhajizada/cradle/internal/service/run.go:752.2,752.22 1 1
github.com/rhajizada/cradle/internal/service/run.go:752.22,754.17 2 1
github.com/rhajizada/cradle/internal/service/run.go:754.17,756.4 1 1
github.com/rhajizada/cradle/internal/service/run.go:757.3,757.29 1 1
github.com/rhajizada/cradle/internal/service/run.go:759.2,759.23 1 1
github.com/rhajizada/cradle/internal/service/run.go:762.90,763.17 1 1
github.com/rhajizada/cradle/internal/service/run.go:763.17,765.3 1 1
github.com/rhajizada/cradle/internal/service/run.go:766.2,766.19 1 1
github.com/rhajizada/cradle/internal/service/run.go:766.19,768.3 1 1
github.com/rhajizada/cradle/internal/service/run.go:769.2,777.97 9 1
github.com/rhajizada/cradle/internal/service/run.go:777.97,779.3 1 1
github.com/rhajizada/cradle/internal/service/run.go:780.2,784.16 1 1
github.com/rhajizada/cradle/internal/service/run.go:784.16,786.3 1 1
github.com/rhajizada/cradle/internal/service/run.go:787.2,787.110 1 1
github.com/rhajizada/cradle/internal/service/run.go:787.110,789.3 1 1
github.com/rhajizada/cradle/internal/service/run.go:790.2,790.12 1 1
github.com/rhajizada/cradle/internal/service/run.go:793.72,794.17 1 1
github.com/rhajizada/cradle/internal/service/run.go:794.17,796.3 1 1
github.com/rhajizada/cradle/internal/service/run.go:797.2,798.16 2 1
github.com/rhajizada/cradle/internal/service/run.go:798.16,800.3 1 1
github.com/rhajizada/cradle/internal/service/run.go:801.2,802.12 2 1
github.com/rhajizada/cradle/internal/service/run.go:809.34,826.22 2 1
github.com/rhajizada/cradle/internal/service/run.go:826.22,828.17 2 1
github.com/rhajizada/cradle/internal/service/run.go:828.17,830.4 1 1
github.com/rhajizada/cradle/internal/service/run.go:831.3,831.20 1 1
github.com/rhajizada/cradle/internal/service/run.go:833.2,833.29 1 1
github.com/rhajizada/cradle/internal/service/run.go:833.29,835.3 1 1
github.com/rhajizada/cradle/internal/service/run.go:836.2,836.28 1 1
github.com/rhajizada/cradle/internal/service/run.go:836.28,838.3 1 1
github.com/rhajizada/cradle/internal/service/run.go:840.2,840.19 1 1
github.com/rhajizada/cradle/internal/service/run.go:840.19,842.3 1 0
github.com/rhajizada/cradle/internal/service/run.go:843.2,843.19 1 1
github.com/rhajizada/cradle/internal/service/run.go:843.19,845.3 1 0
github.com/rhajizada/cradle/internal/service/run.go:846.2,846.19 1 1
github.com/rhajizada/cradle/internal/service/run.go:846.19,848.3 1 0
github.com/rhajizada/cradle/internal/service/run.go:850.2,850.24 1 1
github.com/rhajizada/cradle/internal/service/run.go:850.24,852.17 2 1
github.com/rhajizada/cradle/internal/service/run.go:852.17,854.4 1 1
github.com/rhajizada/cradle/internal/service/run.go:855.3,855.24 1 1
github.com/rhajizada/cradle/internal/service/run.go:858.2,858.24 1 1
github.com/rhajizada/cradle/internal/service/run.go:858.24,863.3 1 1
github.com/rhajizada/cradle/internal/service/run.go:865.2,865.23 1 1
github.com/rhajizada/cradle/internal/service/run.go:865.23,867.3 1 0
github.com/rhajizada/cradle/internal/service/run.go:869.2,869.57 1 1
github.com/rhajizada/cradle/internal/service/run.go:869.57,871.17 2 0
github.com/rhajizada/cradle/internal/service/run.go:871.17,873.4 1 0
github.com/rhajizada/cradle/internal/service/run.go:874.3,874.24 1 0
github.com/rhajizada/cradle/internal/service/run.go:877.2,877.21 1 1
github.com/rhajizada/cradle/internal/service/run.go:880.58,882.23 2 1
github.com/rhajizada/cradle/internal/service/run.go:882.23,883.17 1 1
github.com/rhajizada/cradle/internal/service/run.go:884.15,890.6 1 1
github.com/rhajizada/cradle/internal/service/run.go:891.17,897.6 1 1
github.com/rhajizada/cradle/internal/service/run.go:898.16,902.6 1 1
github.com/rhajizada/cradle/internal/service/run.go:905.2,905.12 1 1
github.com/rhajizada/cradle/internal/service/run.go:908.75,909.21 1 1
github.com/rhajizada/cradle/internal/service/run.go:909.21,911.3 1 1
github.com/rhajizada/cradle/internal/service/run.go:913.2,916.28 3 1
github.com/rhajizada/cradle/internal/service/run.go:916.28,918.17 2 1
github.com/rhajizada/cradle/internal/service/run.go:918.17,919.12 1 0
github.com/rhajizada/cradle/internal/service/run.go:922.3,923.17 2 1
github.com/rhajizada/cradle/internal/service/run.go:923.17,925.4 1 1
github.com/rhajizada/cradle/internal/service/run.go:927.3,928.21 2 1
github.com/rhajizada/cradle/internal/service/run.go:928.21,930.4 1 1
github.com/rhajizada/cradle/internal/service/run.go:933.2,933.31 1 1
github.com/rhajizada/cradle/internal/service/run.go:936.80,938.16 2 1
github.com/rhajizada/cradle/internal/service/run.go:938.16,940.3 1 1
github.com/rhajizada/cradle/internal/service/run.go:942.2,943.21 2 1
github.com/rhajizada/cradle/internal/service/run.go:943.21,945.3 1 0
github.com/rhajizada/cradle/internal/service/run.go:947.2,948.23 2 1
github.com/rhajizada/cradle/internal/service/run.go:948.23,950.3 1 0
github.com/rhajizada/cradle/internal/service/run.go:952.2,952.17 1 1
github.com/rhajizada/cradle/internal/service/run.go:952.17,954.3 1 1
github.com/rhajizada/cradle/internal/service/run.go:956.2,956.28 1 1
github.com/rhajizada/cradle/internal/service/run.go:959.65,960.34 1 1
github.com/rhajizada/cradle/internal/service/run.go:960.34,962.3 1 1
github.com/rhajizada/cradle/internal/service/run.go:963.2,963.28 1 1
github.com/rhajizada/cradle/internal/service/run.go:966.65,968.15 2 1
github.com/rhajizada/cradle/internal/service/run.go:968.15,970.3 1 0
github.com/rhajizada/cradle/internal/service/run.go:971.2,972.58 2 1
github.com/rhajizada/cradle/internal/service/run.go:972.58,974.3 1 0
github.com/rhajizada/cradle/internal/service/run.go:975.2,977.37 3 1
github.com/rhajizada/cradle/internal/service/run.go:977.37,979.3 1 0
github.com/rhajizada/cradle/internal/service/run.go:980.2,980.43 1 1
github.com/rhajizada/cradle/internal/service/run.go:983.65,985.20 2 1
github.com/rhajizada/cradle/internal/service/run.go:986.22,987.31 1 1
github.com/rhajizada/cradle/internal/service/run.go:988.21,989.37 1 1
github.com/rhajizada/cradle/internal/service/run.go:990.23,991.43 1 1
github.com/rhajizada/cradle/internal/service/run.go:992.10,993.65 1 1
github.com/rhajizada/cradle/internal/service/run.go:997.95,998.23 1 1
github.com/rhajizada/cradle/internal/service/run.go:998.23,1000.3 1 1
github.com/rhajizada/cradle/internal/service/run.go:1002.2,1003.21 2 1
github.com/rhajizada/cradle/internal/service/run.go:1003.21,1005.3 1 1
github.com/rhajizada/cradle/internal/service/run.go:1007.2,1008.16 2 1
github.com/rhajizada/cradle/internal/service/run.go:1008.16,1010.3 1 0
github.com/rhajizada/cradle/internal/service/run.go:1011.2,1012.27 2 1
github.com/rhajizada/cradle/internal/service/service.go:20.48,22.16 2 1
github.com/rhajizada/cradle/internal/service/service.go:22.16,24.3 1 0
github.com/rhajizada/cradle/internal/service/service.go:25.2,25.42 1 1
github.com/rhajizada/cradle/internal/service/service.go:28.69,30.2 1 1
github.com/rhajizada/cradle/internal/service/service.go:32.33,34.2 1 1
github.com/rhajizada/cradle/internal/service/service.go:56.41,57.16 1 1
github.com/rhajizada/cradle/internal/service/service.go:58.17,59.26 1 1
github.com/rhajizada/cradle/internal/service/service.go:60.18,61.27 1 1
github.com/rhajizada/cradle/internal/service/service.go:62.10,63.28 1 0
github.com/rhajizada/cradle/internal/service/service.go:67.45,69.34 2 1
github.com/rhajizada/cradle/internal/service/service.go:69.34,71.3 1 1
github.com/rhajizada/cradle/internal/service/service.go:72.2,75.29 3 1
github.com/rhajizada/cradle/internal/service/service.go:75.29,77.17 2 1
github.com/rhajizada/cradle/internal/service/service.go:77.17,79.4 1 1
github.com/rhajizada/cradle/internal/service/service.go:81.2,81.14 1 1
github.com/rhajizada/cradle/internal/service/service.go:84.61,86.9 2 1
github.com/rhajizada/cradle/internal/service/service.go:86.9,88.3 1 1
github.com/rhajizada/cradle/internal/service/service.go:89.2,90.25 2 1
github.com/rhajizada/cradle/internal/service/service.go:90.25,94.3 3 1
github.com/rhajizada/cradle/internal/service/service.go:95.2,95.26 1 1
github.com/rhajizada/cradle/internal/service/service.go:95.26,100.3 4 1
github.com/rhajizada/cradle/internal/service/service.go:101.2,101.63 1 0
github.com/rhajizada/cradle/internal/service/service.go:104.113,106.9 2 0
github.com/rhajizada/cradle/internal/service/service.go:106.9,108.3 1 0
github.com/rhajizada/cradle/internal/service/service.go:109.2,109.25 1 0
github.com/rhajizada/cradle/internal/service/service.go:109.25,113.3 3 0
github.com/rhajizada/cradle/internal/service/service.go:114.2,114.26 1 0
github.com/rhajizada/cradle/internal/service/service.go:114.26,117.3 2 0
github.com/rhajizada/cradle/internal/service/service.go:118.2,118.51 1 0
github.com/rhajizada/cradle/internal/service/service.go:126.19,128.9 2 1
github.com/rhajizada/cradle/internal/service/service.go:128.9,130.3 1 1
github.com/rhajizada/cradle/internal/service/service.go:132.2,132.25 1 1
github.com/rhajizada/cradle/internal/service/service.go:132.25,135.61 3 1
github.com/rhajizada/cradle/internal/service/service.go:135.61,137.4 1 0
github.com/rhajizada/cradle/internal/service/service.go:138.3,138.18 1 1
github.com/rhajizada/cradle/internal/service/service.go:141.2,141.26 1 1
github.com/rhajizada/cradle/internal/service/service.go:141.26,143.3 1 1
github.com/rhajizada/cradle/internal/service/service.go:145.2,147.63 3 1
github.com/rhajizada/cradle/internal/service/service.go:147.63,149.3 1 0
github.com/rhajizada/cradle/internal/service/service.go:150.2,150.17 1 1
github.com/rhajizada/cradle/internal/service/service.go:153.101,154.21 1 1
github.com/rhajizada/cradle/internal/service/service.go:154.21,156.3 1 0
github.com/rhajizada/cradle/internal/service/service.go:157.2,157.18 1 1
github.com/rhajizada/cradle/internal/service/service.go:157.18,159.3 1 1
github.com/rhajizada/cradle/internal/service/service.go:160.2,160.15 1 0
github.com/rhajizada/cradle/internal/service/service.go:168.9,170.16 2 1
github.com/rhajizada/cradle/internal/service/service.go:170.16,172.3 1 0
github.com/rhajizada/cradle/internal/service/service.go:173.2,173.16 1 1
github.com/rhajizada/cradle/internal/service/service.go:174.32,175.41 1 1
github.com/rhajizada/cradle/internal/service/service.go:176.35,177.13 1 0
github.com/rhajizada/cradle/internal/service/service.go:177.13,179.4 1 0
github.com/rhajizada/cradle/internal/service/service.go:180.3,180.41 1 0
github.com/rhajizada/cradle/internal/service/service.go:181.31,182.13 1 0
github.com/rhajizada/cradle/internal/service/service.go:182.13,184.4 1 0
github.com/rhajizada/cradle/internal/service/service.go:185.3,185.68 1 0
github.com/rhajizada/cradle/internal/service/service.go:186.10,187.54 1 0
github.com/rhajizada/cradle/internal/service/service.go:196.9,197.18 1 1
github.com/rhajizada/cradle/internal/service/service.go:197.18,199.3 1 0
github.com/rhajizada/cradle/internal/service/service.go:200.2,201.9 2 1
github.com/rhajizada/cradle/internal/service/service.go:201.9,203.3 1 0
github.com/rhajizada/cradle/internal/service/service.go:204.2,204.26 1 1
github.com/rhajizada/cradle/internal/service/service.go:204.26,206.3 1 0
github.com/rhajizada/cradle/internal/service/service.go:207.2,209.16 3 1
github.com/rhajizada/cradle/internal/service/service.go:209.16,211.3 1 0
github.com/rhajizada/cradle/internal/service/service.go:212.2,212.16 1 1
github.com/rhajizada/cradle/internal/service/service.go:213.32,214.57 1 1
github.com/rhajizada/cradle/internal/service/service.go:215.35,216.13 1 0
github.com/rhajizada/cradle/internal/service/service.go:216.13,218.4 1 0
github.com/rhajizada/cradle/internal/service/service.go:219.3,219.57 1 0
github.com/rhajizada/cradle/internal/service/service.go:220.31,221.13 1 0
github.com/rhajizada/cradle/internal/service/service.go:221.13,223.4 1 0
github.com/rhajizada/cradle/internal/service/service.go:224.3,224.69 1 0
github.com/rhajizada/cradle/internal/service/service.go:225.10,226.55 1 0
github.com/rhajizada/cradle/internal/service/service.go:230.36,232.2 1 1
github.com/rhajizada/cradle/internal/service/service.go:234.43,236.2 1 1
github.com/rhajizada/cradle/internal/service/stop.go:11.75,13.9 2 1
github.com/rhajizada/cradle/internal/service/stop.go:13.9,15.3 1 1
github.com/rhajizada/cradle/internal/service/stop.go:17.2,18.16 2 1
github.com/rhajizada/cradle/internal/service/stop.go:18.16,20.3 1 0
github.com/rhajizada/cradle/internal/service/stop.go:22.2,23.16 2 1
github.com/rhajizada/cradle/internal/service/stop.go:23.16,24.30 1 0
github.com/rhajizada/cradle/internal/service/stop.go:24.30,26.4 1 0
github.com/rhajizada/cradle/internal/service/stop.go:27.3,27.17 1 0
github.com/rhajizada/cradle/internal/service/stop.go:30.2,30.63 1 1
github.com/rhajizada/cradle/internal/service/stop.go:30.63,31.110 1 1
github.com/rhajizada/cradle/internal/service/stop.go:31.110,33.4 1 0
github.com/rhajizada/cradle/internal/service/stop.go:36.2,36.30 1 1
github.com/rhajizada/cradle/internal/service/tar.go:12.39,14.12 2 1
github.com/rhajizada/cradle/internal/service/tar.go:14.12,16.3 1 1
github.com/rhajizada/cradle/internal/service/tar.go:18.2,18.11 1 1
github.com/rhajizada/cradle/internal/service/tar.go:21.55,25.85 3 1
github.com/rhajizada/cradle/internal/service/tar.go:25.85,26.21 1 1
github.com/rhajizada/cradle/internal/service/tar.go:26.21,28.4 1 0
github.com/rhajizada/cradle/internal/service/tar.go:29.3,29.38 1 1
github.com/rhajizada/cradle/internal/service/tar.go:33.76,35.16 2 1
github.com/rhajizada/cradle/internal/service/tar.go:35.16,37.3 1 0
github.com/rhajizada/cradle/internal/service/tar.go:38.2,38.16 1 1
github.com/rhajizada/cradle/internal/service/tar.go:38.16,40.3 1 1
github.com/rhajizada/cradle/internal/service/tar.go:41.2,44.16 3 1
github.com/rhajizada/cradle/internal/service/tar.go:44.16,46.3 1 0
github.com/rhajizada/cradle/internal/service/tar.go:48.2,49.16 2 1
github.com/rhajizada/cradle/internal/service/tar.go:49.16,51.3 1 0
github.com/rhajizada/cradle/internal/service/tar.go:53.2,54.16 2 1
github.com/rhajizada/cradle/internal/service/tar.go:54.16,56.3 1 0
github.com/rhajizada/cradle/internal/service/tar.go:57.2,59.56 2 1
github.com/rhajizada/cradle/internal/service/tar.go:59.56,61.3 1 0
github.com/rhajizada/cradle/internal/service/tar.go:63.2,63.30 1 1
github.com/rhajizada/cradle/internal/service/tar.go:63.30,65.3 1 0
github.com/rhajizada/cradle/internal/service/tar.go:67.2,67.32 1 1
github.com/rhajizada/cradle/internal/service/tar.go:70.67,71.37 1 1
github.com/rhajizada/cradle/internal/service/tar.go:71.37,73.3 1 1
github.com/rhajizada/cradle/internal/service/tar.go:74.2,74.26 1 0
github.com/rhajizada/cradle/internal/service/tar.go:77.61,78.51 1 1
github.com/rhajizada/cradle/internal/service/tar.go:78.51,80.3 1 0
github.com/rhajizada/cradle/internal/service/tar.go:81.2,81.13 1 1
github.com/rhajizada/cradle/internal/service/tar.go:84.55,86.16 2 1
github.com/rhajizada/cradle/internal/service/tar.go:86.16,88.3 1 0
github.com/rhajizada/cradle/internal/service/tar.go:89.2,92.12 3 1
github.com/rhajizada/cradle/cmd/cradle/main.go:8.13,10.2 1 0
github.com/rhajizada/cradle/internal/render/render.go:33.53,35.2 1 1
github.com/rhajizada/cradle/internal/render/render.go:38.55,39.19 1 1
github.com/rhajizada/cradle/internal/render/render.go:40.25,41.44 1 1
github.com/rhajizada/cradle/internal/render/render.go:42.26,43.66 1 1
github.com/rhajizada/cradle/internal/render/render.go:48.62,49.21 1 1
github.com/rhajizada/cradle/internal/render/render.go:49.21,52.3 2 0
github.com/rhajizada/cradle/internal/render/render.go:54.2,55.60 2 1
github.com/rhajizada/cradle/internal/render/render.go:59.40,61.2 1 1
github.com/rhajizada/cradle/internal/render/render.go:64.39,66.2 1 1
github.com/rhajizada/cradle/internal/render/render.go:69.44,70.13 1 1
github.com/rhajizada/cradle/internal/render/render.go:70.13,72.3 1 1
github.com/rhajizada/cradle/internal/render/render.go:73.2,73.14 1 1
github.com/rhajizada/cradle/internal/render/render.go:77.43,78.13 1 1
github.com/rhajizada/cradle/internal/render/render.go:78.13,80.3 1 1
github.com/rhajizada/cradle/internal/render/render.go:81.2,81.18 1 1
github.com/rhajizada/cradle/internal/render/render.go:85.60,86.28 1 1
github.com/rhajizada/cradle/internal/render/render.go:86.28,88.3 1 1
github.com/rhajizada/cradle/internal/render/render.go:89.2,89.32 1 1
github.com/rhajizada/cradle/internal/render/render.go:89.32,91.3 1 1
github.com/rhajizada/cradle/internal/render/render.go:92.2,92.30 1 1
github.com/rhajizada/cradle/internal/render/render.go:93.17,94.18 1 1
github.com/rhajizada/cradle/internal/render/render.go:95.16,96.18 1 1
github.com/rhajizada/cradle/internal/render/render.go:97.17,98.15 1 1
github.com/rhajizada/cradle/internal/render/render.go:99.16,100.18 1 1
github.com/rhajizada/cradle/internal/render/render.go:101.20,102.16 1 1
github.com/rhajizada/cradle/internal/render/render.go:103.14,104.16 1 1
github.com/rhajizada/cradle/internal/render/render.go:105.10,106.16 1 1
github.com/rhajizada/cradle/internal/render/render.go:111.59,112.28 1 1
github.com/rhajizada/cradle/internal/render/render.go:112.28,114.3 1 1
github.com/rhajizada/cradle/internal/render/render.go:115.2,115.32 1 1
github.com/rhajizada/cradle/internal/render/render.go:115.32,117.3 1 0
github.com/rhajizada/cradle/internal/render/render.go:118.2,118.46 1 1
github.com/rhajizada/cradle/internal/render/render.go:123.37,125.9 2 1
github.com/rhajizada/cradle/internal/render/render.go:125.9,127.3 1 1
github.com/rhajizada/cradle/internal/render/render.go:128.2,129.26 2 0
github.com/rhajizada/cradle/internal/render/render.go:129.26,131.3 1 0
github.com/rhajizada/cradle/internal/render/render.go:132.2,133.30 2 0
github.com/rhajizada/cradle/internal/render/render.go:133.30,135.3 1 0
github.com/rhajizada/cradle/internal/render/render.go:136.2,136.14 1 0
github.com/rhajizada/cradle/internal/render/render.go:139.32,141.2 1 1
github.com/rhajizada/cradle/internal/render/render.go:145.76,147.29 2 1
github.com/rhajizada/cradle/internal/render/render.go:147.29,155.3 1 1
github.com/rhajizada/cradle/internal/render/render.go:157.2,170.48 2 1
github.com/rhajizada/cradle/internal/render/render.go:170.48,171.29 1 1
github.com/rhajizada/cradle/internal/render/render.go:171.29,173.24 2 1
github.com/rhajizada/cradle/internal/render/render.go:173.24,175.5 1 1
github.com/rhajizada/cradle/internal/render/render.go:176.4,176.12 1 1
github.com/rhajizada/cradle/internal/render/render.go:179.3,180.24 2 1
github.com/rhajizada/cradle/internal/render/render.go:180.24,182.4 1 1
github.com/rhajizada/cradle/internal/render/render.go:182.9,184.4 1 1
github.com/rhajizada/cradle/internal/render/render.go:186.3,186.23 1 1
github.com/rhajizada/cradle/internal/render/render.go:186.23,188.4 1 1
github.com/rhajizada/cradle/internal/render/render.go:189.3,189.32 1 1
github.com/rhajizada/cradle/internal/render/render.go:192.2,199.15 2 1
github.com/rhajizada/cradle/internal/render/render.go:199.15,201.3 1 0
github.com/rhajizada/cradle/internal/render/render.go:203.2,203.26 1 1
github.com/rhajizada/cradle/internal/cli/cli.go:12.30,13.58 1 0
github.com/rhajizada/cradle/internal/cli/cli.go:13.58,15.3 1 0
github.com/rhajizada/cradle/internal/cli/cli.go:18.55,24.39 5 1
github.com/rhajizada/cradle/internal/cli/cli.go:24.39,27.3 2 0
github.com/rhajizada/cradle/internal/cli/cli.go:29.2,29.12 1 1
github.com/rhajizada/cradle/internal/cli/cli.go:32.66,41.52 3 1
github.com/rhajizada/cradle/internal/cli/cli.go:41.52,42.19 1 1
github.com/rhajizada/cradle/internal/cli/cli.go:42.19,45.5 2 0
github.com/rhajizada/cradle/internal/cli/cli.go:46.4,46.21 1 1
github.com/rhajizada/cradle/internal/cli/cli.go:50.2,64.13 6 1
github.com/rhajizada/cradle/internal/cli/commands.go:24.61,25.19 1 1
github.com/rhajizada/cradle/internal/cli/commands.go:25.19,27.3 1 0
github.com/rhajizada/cradle/internal/cli/commands.go:28.2,29.16 2 1
github.com/rhajizada/cradle/internal/cli/commands.go:29.16,31.3 1 1
github.com/rhajizada/cradle/internal/cli/commands.go:32.2,33.16 2 1
github.com/rhajizada/cradle/internal/cli/commands.go:33.16,35.3 1 0
github.com/rhajizada/cradle/internal/cli/commands.go:36.2,40.8 1 1
github.com/rhajizada/cradle/internal/cli/commands.go:43.68,51.55 3 1
github.com/rhajizada/cradle/internal/cli/commands.go:51.55,53.18 2 1
github.com/rhajizada/cradle/internal/cli/commands.go:53.18,55.5 1 1
github.com/rhajizada/cradle/internal/cli/commands.go:56.4,56.17 1 0
github.com/rhajizada/cradle/internal/cli/commands.go:56.17,57.53 1 0
github.com/rhajizada/cradle/internal/cli/commands.go:57.53,59.6 1 0
github.com/rhajizada/cradle/internal/cli/commands.go:62.4,63.18 2 0
github.com/rhajizada/cradle/internal/cli/commands.go:63.18,66.5 2 0
github.com/rhajizada/cradle/internal/cli/commands.go:67.4,67.17 1 0
github.com/rhajizada/cradle/internal/cli/commands.go:67.17,70.5 2 0
github.com/rhajizada/cradle/internal/cli/commands.go:72.4,73.23 2 0
github.com/rhajizada/cradle/internal/cli/commands.go:73.23,74.48 1 0
github.com/rhajizada/cradle/internal/cli/commands.go:74.48,76.100 2 0
github.com/rhajizada/cradle/internal/cli/commands.go:76.100,78.7 1 0
github.com/rhajizada/cradle/internal/cli/commands.go:80.5,80.15 1 0
github.com/rhajizada/cradle/internal/cli/commands.go:83.4,84.18 2 0
github.com/rhajizada/cradle/internal/cli/commands.go:84.18,86.5 1 0
github.com/rhajizada/cradle/internal/cli/commands.go:87.4,88.69 2 0
github.com/rhajizada/cradle/internal/cli/commands.go:92.2,94.12 3 1
github.com/rhajizada/cradle/internal/cli/commands.go:97.65,101.50 1 1
github.com/rhajizada/cradle/internal/cli/commands.go:101.50,103.18 2 1
github.com/rhajizada/cradle/internal/cli/commands.go:103.18,105.5 1 1
github.com/rhajizada/cradle/internal/cli/commands.go:106.4,106.17 1 0
github.com/rhajizada/cradle/internal/cli/commands.go:106.17,107.53 1 0
github.com/rhajizada/cradle/internal/cli/commands.go:107.53,109.6 1 0
github.com/rhajizada/cradle/internal/cli/commands.go:112.4,113.18 2 0
github.com/rhajizada/cradle/internal/cli/commands.go:113.18,115.5 1 0
github.com/rhajizada/cradle/internal/cli/commands.go:116.4,117.14 2 0
github.com/rhajizada/cradle/internal/cli/commands.go:122.66,130.53 3 1
github.com/rhajizada/cradle/internal/cli/commands.go:130.53,132.18 2 1
github.com/rhajizada/cradle/internal/cli/commands.go:132.18,134.5 1 1
github.com/rhajizada/cradle/internal/cli/commands.go:135.4,135.17 1 0
github.com/rhajizada/cradle/internal/cli/commands.go:135.17,136.53 1 0
github.com/rhajizada/cradle/internal/cli/commands.go:136.53,138.6 1 0
github.com/rhajizada/cradle/internal/cli/commands.go:141.4,145.18 4 0
github.com/rhajizada/cradle/internal/cli/commands.go:145.18,147.5 1 0
github.com/rhajizada/cradle/internal/cli/commands.go:148.4,150.18 3 0
github.com/rhajizada/cradle/internal/cli/commands.go:150.18,153.5 2 0
github.com/rhajizada/cradle/internal/cli/commands.go:154.4,154.17 1 0
github.com/rhajizada/cradle/internal/cli/commands.go:154.17,157.5 2 0
github.com/rhajizada/cradle/internal/cli/commands.go:159.4,160.18 2 0
github.com/rhajizada/cradle/internal/cli/commands.go:160.18,162.5 1 0
github.com/rhajizada/cradle/internal/cli/commands.go:163.4,164.22 2 0
github.com/rhajizada/cradle/internal/cli/commands.go:164.22,166.5 1 0
github.com/rhajizada/cradle/internal/cli/commands.go:168.4,175.49 2 0
github.com/rhajizada/cradle/internal/cli/commands.go:179.2,181.12 3 1
github.com/rhajizada/cradle/internal/cli/commands.go:184.67,189.55 1 1
github.com/rhajizada/cradle/internal/cli/commands.go:189.55,191.18 2 1
github.com/rhajizada/cradle/internal/cli/commands.go:191.18,193.5 1 1
github.com/rhajizada/cradle/internal/cli/commands.go:194.4,194.17 1 0
github.com/rhajizada/cradle/internal/cli/commands.go:194.17,195.53 1 0
github.com/rhajizada/cradle/internal/cli/commands.go:195.53,197.6 1 0
github.com/rhajizada/cradle/internal/cli/commands.go:200.4,204.18 4 0
github.com/rhajizada/cradle/internal/cli/commands.go:204.18,206.5 1 0
github.com/rhajizada/cradle/internal/cli/commands.go:207.4,208.14 2 0
github.com/rhajizada/cradle/internal/cli/config.go:8.33,9.65 1 1
github.com/rhajizada/cradle/internal/cli/config.go:9.65,11.3 1 1
github.com/rhajizada/cradle/internal/cli/config.go:12.2,13.30 2 1
github.com/rhajizada/cradle/internal/cli/config.go:13.30,15.3 1 0
github.com/rhajizada/cradle/internal/cli/config.go:16.2,16.64 1 1
github.com/rhajizada/cradle/internal/config/config.go:206.45,208.16 2 1
github.com/rhajizada/cradle/internal/config/config.go:208.16,210.3 1 0
github.com/rhajizada/cradle/internal/config/config.go:211.2,212.16 2 1
github.com/rhajizada/cradle/internal/config/config.go:212.16,214.3 1 0
github.com/rhajizada/cradle/internal/config/config.go:216.2,217.16 2 1
github.com/rhajizada/cradle/internal/config/config.go:217.16,219.3 1 0
github.com/rhajizada/cradle/internal/config/config.go:221.2,228.52 4 1
github.com/rhajizada/cradle/internal/config/config.go:228.52,230.3 1 1
github.com/rhajizada/cradle/internal/config/config.go:232.2,232.24 1 1
github.com/rhajizada/cradle/internal/config/config.go:232.24,234.3 1 0
github.com/rhajizada/cradle/internal/config/config.go:236.2,236.55 1 1
github.com/rhajizada/cradle/internal/config/config.go:236.55,238.3 1 0
github.com/rhajizada/cradle/internal/config/config.go:240.2,240.17 1 1
github.com/rhajizada/cradle/internal/config/config.go:243.35,244.37 1 1
github.com/rhajizada/cradle/internal/config/config.go:244.37,246.17 2 1
github.com/rhajizada/cradle/internal/config/config.go:246.17,248.4 1 1
github.com/rhajizada/cradle/internal/config/config.go:249.3,249.28 1 1
github.com/rhajizada/cradle/internal/config/config.go:252.2,252.12 1 1
github.com/rhajizada/cradle/internal/config/config.go:255.73,256.63 1 1
github.com/rhajizada/cradle/internal/config/config.go:256.63,258.3 1 1
github.com/rhajizada/cradle/internal/config/config.go:260.2,260.61 1 1
github.com/rhajizada/cradle/internal/config/config.go:260.61,262.3 1 1
github.com/rhajizada/cradle/internal/config/config.go:264.2,264.19 1 1
github.com/rhajizada/cradle/internal/config/config.go:267.69,268.57 1 1
github.com/rhajizada/cradle/internal/config/config.go:268.57,270.3 1 1
github.com/rhajizada/cradle/internal/config/config.go:271.2,271.57 1 1
github.com/rhajizada/cradle/internal/config/config.go:271.57,273.3 1 1
github.com/rhajizada/cradle/internal/config/config.go:275.2,275.59 1 1
github.com/rhajizada/cradle/internal/config/config.go:275.59,277.3 1 1
github.com/rhajizada/cradle/internal/config/config.go:278.2,278.29 1 1
github.com/rhajizada/cradle/internal/config/config.go:278.29,280.17 2 1
github.com/rhajizada/cradle/internal/config/config.go:280.17,282.4 1 1
github.com/rhajizada/cradle/internal/config/config.go:283.3,283.35 1 1
github.com/rhajizada/cradle/internal/config/config.go:286.2,286.30 1 1
github.com/rhajizada/cradle/internal/config/config.go:286.30,288.3 1 1
github.com/rhajizada/cradle/internal/config/config.go:289.2,290.16 2 1
github.com/rhajizada/cradle/internal/config/config.go:290.16,292.3 1 1
github.com/rhajizada/cradle/internal/config/config.go:293.2,295.74 2 1
github.com/rhajizada/cradle/internal/config/config.go:295.74,297.3 1 1
github.com/rhajizada/cradle/internal/config/config.go:299.2,299.33 1 1
github.com/rhajizada/cradle/internal/config/config.go:299.33,301.3 1 1
github.com/rhajizada/cradle/internal/config/config.go:302.2,302.40 1 1
github.com/rhajizada/cradle/internal/config/config.go:302.40,304.3 1 1
github.com/rhajizada/cradle/internal/config/config.go:306.2,306.12 1 1
github.com/rhajizada/cradle/internal/config/config.go:309.94,310.17 1 1
github.com/rhajizada/cradle/internal/config/config.go:310.17,312.3 1 1
github.com/rhajizada/cradle/internal/config/config.go:313.2,313.15 1 1
github.com/rhajizada/cradle/internal/config/config.go:314.65,315.20 1 1
github.com/rhajizada/cradle/internal/config/config.go:316.10,317.52 1 1
github.com/rhajizada/cradle/internal/config/config.go:321.67,322.56 1 1
github.com/rhajizada/cradle/internal/config/config.go:322.56,324.3 1 1
github.com/rhajizada/cradle/internal/config/config.go:326.2,327.16 2 1
github.com/rhajizada/cradle/internal/config/config.go:327.16,329.3 1 1
github.com/rhajizada/cradle/internal/config/config.go:331.2,332.12 2 1
github.com/rhajizada/cradle/internal/config/config.go:335.53,336.34 1 1
github.com/rhajizada/cradle/internal/config/config.go:336.34,338.3 1 1
github.com/rhajizada/cradle/internal/config/config.go:339.2,339.18 1 1
github.com/rhajizada/cradle/internal/config/config.go:339.18,341.3 1 0
github.com/rhajizada/cradle/internal/config/config.go:342.2,342.18 1 1
github.com/rhajizada/cradle/internal/config/config.go:342.18,344.3 1 1
github.com/rhajizada/cradle/internal/config/config.go:345.2,345.12 1 0
github.com/rhajizada/cradle/internal/config/config.go:348.92,350.28 2 1
github.com/rhajizada/cradle/internal/config/config.go:350.28,352.17 2 1
github.com/rhajizada/cradle/internal/config/config.go:352.17,354.4 1 1
github.com/rhajizada/cradle/internal/config/config.go:355.3,355.20 1 1
github.com/rhajizada/cradle/internal/config/config.go:357.2,357.23 1 1
github.com/rhajizada/cradle/internal/config/config.go:360.95,361.46 1 1
github.com/rhajizada/cradle/internal/config/config.go:361.46,363.3 1 0
github.com/rhajizada/cradle/internal/config/config.go:364.2,364.21 1 1
github.com/rhajizada/cradle/internal/config/config.go:365.33,365.33 0 1
github.com/rhajizada/cradle/internal/config/config.go:366.10,367.101 1 1
github.com/rhajizada/cradle/internal/config/config.go:370.2,370.51 1 1
github.com/rhajizada/cradle/internal/config/config.go:370.51,372.3 1 0
github.com/rhajizada/cradle/internal/config/config.go:374.2,374.84 1 1
github.com/rhajizada/cradle/internal/config/config.go:374.84,376.3 1 1
github.com/rhajizada/cradle/internal/config/config.go:378.2,378.20 1 1
github.com/rhajizada/cradle/internal/config/config.go:383.44,384.13 1 1
github.com/rhajizada/cradle/internal/config/config.go:384.13,386.3 1 0
github.com/rhajizada/cradle/internal/config/config.go:387.2,387.23 1 1
github.com/rhajizada/cradle/internal/config/config.go:387.23,389.3 1 1
github.com/rhajizada/cradle/internal/config/config.go:390.2,390.34 1 1
github.com/rhajizada/cradle/internal/config/envsubst.go:20.42,24.26 3 1
github.com/rhajizada/cradle/internal/config/envsubst.go:24.26,26.17 2 1
github.com/rhajizada/cradle/internal/config/envsubst.go:26.17,28.4 1 1
github.com/rhajizada/cradle/internal/config/envsubst.go:29.3,29.11 1 1
github.com/rhajizada/cradle/internal/config/envsubst.go:32.2,32.24 1 1
github.com/rhajizada/cradle/internal/config/envsubst.go:40.68,41.27 1 1
github.com/rhajizada/cradle/internal/config/envsubst.go:41.27,44.3 2 1
github.com/rhajizada/cradle/internal/config/envsubst.go:46.2,46.26 1 1
github.com/rhajizada/cradle/internal/config/envsubst.go:46.26,49.3 2 1
github.com/rhajizada/cradle/internal/config/envsubst.go:51.2,51.17 1 1
github.com/rhajizada/cradle/internal/config/envsubst.go:51.17,54.3 2 1
github.com/rhajizada/cradle/internal/config/envsubst.go:56.2,56.23 1 1
github.com/rhajizada/cradle/internal/config/envsubst.go:56.23,58.3 1 1
github.com/rhajizada/cradle/internal/config/envsubst.go:60.2,60.39 1 1
github.com/rhajizada/cradle/internal/config/envsubst.go:63.44,65.2 1 1
github.com/rhajizada/cradle/internal/config/envsubst.go:67.43,69.2 1 1
github.com/rhajizada/cradle/internal/config/envsubst.go:71.40,73.2 1 1
github.com/rhajizada/cradle/internal/config/envsubst.go:75.73,77.13 2 1
github.com/rhajizada/cradle/internal/config/envsubst.go:77.13,79.3 1 1
github.com/rhajizada/cradle/internal/config/envsubst.go:80.2,84.16 4 1
github.com/rhajizada/cradle/internal/config/envsubst.go:84.16,86.3 1 0
github.com/rhajizada/cradle/internal/config/envsubst.go:87.2,87.8 1 1
github.com/rhajizada/cradle/internal/config/envsubst.go:87.8,89.3 1 1
github.com/rhajizada/cradle/internal/config/envsubst.go:91.2,91.21 1 1
github.com/rhajizada/cradle/internal/config/envsubst.go:94.64,96.44 2 1
github.com/rhajizada/cradle/internal/config/envsubst.go:96.44,99.3 2 0
github.com/rhajizada/cradle/internal/config/envsubst.go:101.2,102.46 2 1
github.com/rhajizada/cradle/internal/config/envsubst.go:102.46,104.3 1 1
github.com/rhajizada/cradle/internal/config/envsubst.go:106.2,109.10 4 1
github.com/rhajizada/cradle/internal/config/envsubst.go:112.55,114.16 2 1
github.com/rhajizada/cradle/internal/config/envsubst.go:114.16,116.3 1 0
github.com/rhajizada/cradle/internal/config/envsubst.go:123.2,125.19 2 1
github.com/rhajizada/cradle/internal/config/envsubst.go:125.19,127.3 1 0
github.com/rhajizada/cradle/internal/config/envsubst.go:129.2,131.12 2 1
github.com/rhajizada/cradle/internal/config/envsubst.go:132.10,133.24 1 1
github.com/rhajizada/cradle/internal/config/envsubst.go:134.12,135.26 1 1
github.com/rhajizada/cradle/internal/config/envsubst.go:135.26,137.4 1 1
github.com/rhajizada/cradle/internal/config/envsubst.go:138.3,138.24 1 1
github.com/rhajizada/cradle/internal/config/envsubst.go:139.11,140.13 1 1
github.com/rhajizada/cradle/internal/config/envsubst.go:140.13,142.4 1 1
github.com/rhajizada/cradle/internal/config/envsubst.go:143.3,143.24 1 1
github.com/rhajizada/cradle/internal/config/envsubst.go:144.10,145.36 1 0
github.com/rhajizada/cradle/internal/config/envsubst.go:149.59,153.52 2 1
github.com/rhajizada/cradle/internal/config/envsubst.go:153.52,155.3 1 1
github.com/rhajizada/cradle/internal/config/envsubst.go:156.2,157.20 2 1
github.com/rhajizada/cradle/internal/config/envsubst.go:157.20,159.3 1 1
github.com/rhajizada/cradle/internal/config/envsubst.go:162.2,164.20 3 1
github.com/rhajizada/cradle/internal/config/envsubst.go:164.20,168.3 3 1
github.com/rhajizada/cradle/internal/config/envsubst.go:169.2,169.59 1 1
github.com/rhajizada/cradle/internal/config/envsubst.go:169.59,173.3 3 1
github.com/rhajizada/cradle/internal/config/envsubst.go:176.2,176.19 1 0
github.com/rhajizada/cradle/internal/config/envsubst.go:179.30,181.2 1 1
github.com/rhajizada/cradle/internal/config/envsubst.go:183.33,185.2 1 1
github.com/rhajizada/cradle/internal/config/envsubst.go:187.43,188.36 1 1
github.com/rhajizada/cradle/internal/config/envsubst.go:188.36,190.3 1 1
github.com/rhajizada/cradle/internal/config/envsubst.go:191.2,191.13 1 1
github.com/rhajizada/cradle/internal/config/envsubst.go:192.13,193.41 1 0
github.com/rhajizada/cradle/internal/config/envsubst.go:194.13,195.41 1 0
github.com/rhajizada/cradle/internal/config/envsubst.go:196.14,198.37 2 0
github.com/rhajizada/cradle/internal/config/envsubst.go:198.37,200.4 1 0
github.com/rhajizada/cradle/internal/config/envsubst.go:202.2,202.18 1 1
